<?xml version="1.0" encoding="UTF-8"?>
<!-- Generated by org.testng.reporters.JUnitReportReporter -->
<testsuite skipped="0" hostname="INLN50905521A" name="com.automation.VerifyLogin" tests="1" failures="0" timestamp="25 Apr 2017 08:07:13 GMT" time="12.222" errors="0">
  <testcase name="verifyLogin" time="12.222" classname="com.automation.VerifyLogin"/>
</testsuite> <!-- com.automation.VerifyLogin -->
